Build started 24-02-2023 3:13:51 PM.
     1>Project "C:\Users\arnavn\Documents\visual studio 2010\Projects\Assignment-8\Assignment-8\Assignment-8.vcxproj" on node 2 (rebuild target(s)).
     1>_PrepareForClean:
         Deleting file "Debug\Assignment-8.lastbuildstate".
       InitializeBuildStatus:
         Creating "Debug\Assignment-8.unsuccessfulbuild" because "AlwaysCreate" was specified.
       ClCompile:
         C:\Program Files (x86)\Microsoft Visual Studio 10.0\VC\bin\CL.exe /c /ZI /nologo /W3 /WX- /Od /Oy- /D WIN32 /D _DEBUG /D _CONSOLE /D _UNICODE /D UNICODE /Gm /EHsc /RTC1 /MDd /GS /fp:precise /Zc:wchar_t /Zc:forScope /Yc"StdAfx.h" /Fp"Debug\Assignment-8.pch" /Fo"Debug\\" /Fd"Debug\vc100.pdb" /Gd /TP /analyze- /errorReport:prompt stdafx.cpp
         stdafx.cpp
         C:\Program Files (x86)\Microsoft Visual Studio 10.0\VC\bin\CL.exe /c /ZI /nologo /W3 /WX- /Od /Oy- /D WIN32 /D _DEBUG /D _CONSOLE /D _UNICODE /D UNICODE /Gm /EHsc /RTC1 /MDd /GS /fp:precise /Zc:wchar_t /Zc:forScope /Yu"StdAfx.h" /Fp"Debug\Assignment-8.pch" /Fo"Debug\\" /Fd"Debug\vc100.pdb" /Gd /TP /analyze- /errorReport:prompt "Assignment-8.cpp" HelperFunctions.cpp Student.cpp StudentDatabase.cpp UserInterface.cpp
         UserInterface.cpp
         StudentDatabase.cpp
     1>c:\users\arnavn\documents\visual studio 2010\projects\assignment-8\assignment-8\studentdatabase.cpp(55): warning C4018: '<' : signed/unsigned mismatch
     1>c:\users\arnavn\documents\visual studio 2010\projects\assignment-8\assignment-8\studentdatabase.cpp(82): warning C4482: nonstandard extension used: enum 'COLUMNNAME' used in qualified name
     1>c:\users\arnavn\documents\visual studio 2010\projects\assignment-8\assignment-8\studentdatabase.cpp(85): warning C4482: nonstandard extension used: enum 'COLUMNNAME' used in qualified name
     1>c:\users\arnavn\documents\visual studio 2010\projects\assignment-8\assignment-8\studentdatabase.cpp(88): warning C4482: nonstandard extension used: enum 'COLUMNNAME' used in qualified name
     1>c:\users\arnavn\documents\visual studio 2010\projects\assignment-8\assignment-8\studentdatabase.cpp(91): warning C4482: nonstandard extension used: enum 'COLUMNNAME' used in qualified name
     1>c:\users\arnavn\documents\visual studio 2010\projects\assignment-8\assignment-8\studentdatabase.cpp(94): warning C4482: nonstandard extension used: enum 'COLUMNNAME' used in qualified name
     1>c:\users\arnavn\documents\visual studio 2010\projects\assignment-8\assignment-8\studentdatabase.cpp(111): warning C4482: nonstandard extension used: enum 'COLUMNNAME' used in qualified name
     1>c:\users\arnavn\documents\visual studio 2010\projects\assignment-8\assignment-8\studentdatabase.cpp(114): warning C4482: nonstandard extension used: enum 'COLUMNNAME' used in qualified name
     1>c:\users\arnavn\documents\visual studio 2010\projects\assignment-8\assignment-8\studentdatabase.cpp(117): warning C4482: nonstandard extension used: enum 'COLUMNNAME' used in qualified name
     1>c:\users\arnavn\documents\visual studio 2010\projects\assignment-8\assignment-8\studentdatabase.cpp(120): warning C4482: nonstandard extension used: enum 'COLUMNNAME' used in qualified name
     1>c:\users\arnavn\documents\visual studio 2010\projects\assignment-8\assignment-8\studentdatabase.cpp(123): warning C4482: nonstandard extension used: enum 'COLUMNNAME' used in qualified name
     1>c:\users\arnavn\documents\visual studio 2010\projects\assignment-8\assignment-8\studentdatabase.cpp(126): warning C4482: nonstandard extension used: enum 'COLUMNNAME' used in qualified name
     1>c:\users\arnavn\documents\visual studio 2010\projects\assignment-8\assignment-8\studentdatabase.cpp(129): warning C4482: nonstandard extension used: enum 'COLUMNNAME' used in qualified name
     1>c:\users\arnavn\documents\visual studio 2010\projects\assignment-8\assignment-8\studentdatabase.cpp(144): warning C4018: '<' : signed/unsigned mismatch
         Student.cpp
         HelperFunctions.cpp
     1>c:\users\arnavn\documents\visual studio 2010\projects\assignment-8\assignment-8\helperfunctions.cpp(9): warning C4244: '=' : conversion from 'double' to 'float', possible loss of data
     1>c:\users\arnavn\documents\visual studio 2010\projects\assignment-8\assignment-8\helperfunctions.cpp(80): warning C4018: '<' : signed/unsigned mismatch
     1>c:\users\arnavn\documents\visual studio 2010\projects\assignment-8\assignment-8\helperfunctions.cpp(96): warning C4018: '<' : signed/unsigned mismatch
     1>c:\users\arnavn\documents\visual studio 2010\projects\assignment-8\assignment-8\helperfunctions.cpp(118): warning C4018: '<' : signed/unsigned mismatch
     1>c:\users\arnavn\documents\visual studio 2010\projects\assignment-8\assignment-8\helperfunctions.cpp(134): warning C4018: '<' : signed/unsigned mismatch
     1>c:\users\arnavn\documents\visual studio 2010\projects\assignment-8\assignment-8\helperfunctions.cpp(150): warning C4018: '<' : signed/unsigned mismatch
     1>c:\users\arnavn\documents\visual studio 2010\projects\assignment-8\assignment-8\helperfunctions.cpp(166): warning C4018: '<' : signed/unsigned mismatch
         Assignment-8.cpp
         Generating Code...
       ManifestResourceCompile:
         C:\Program Files (x86)\Microsoft SDKs\Windows\v7.0A\bin\rc.exe /nologo /fo"Debug\Assignment-8.exe.embed.manifest.res" Debug\Assignment-8_manifest.rc 
       Link:
         C:\Program Files (x86)\Microsoft Visual Studio 10.0\VC\bin\link.exe /ERRORREPORT:PROMPT /OUT:"C:\Users\arnavn\Documents\visual studio 2010\Projects\Assignment-8\Debug\Assignment-8.exe" /INCREMENTAL /NOLOGO kernel32.lib user32.lib gdi32.lib winspool.lib comdlg32.lib advapi32.lib shell32.lib ole32.lib oleaut32.lib uuid.lib odbc32.lib odbccp32.lib /MANIFEST /ManifestFile:"Debug\Assignment-8.exe.intermediate.manifest" /MANIFESTUAC:"level='asInvoker' uiAccess='false'" /DEBUG /PDB:"C:\Users\arnavn\Documents\visual studio 2010\Projects\Assignment-8\Debug\Assignment-8.pdb" /SUBSYSTEM:CONSOLE /TLBID:1 /DYNAMICBASE /NXCOMPAT /IMPLIB:"C:\Users\arnavn\Documents\visual studio 2010\Projects\Assignment-8\Debug\Assignment-8.lib" /MACHINE:X86 "Debug\Assignment-8.exe.embed.manifest.res"
         "Debug\Assignment-8.obj"
         Debug\HelperFunctions.obj
         Debug\stdafx.obj
         Debug\Student.obj
         Debug\StudentDatabase.obj
         Debug\UserInterface.obj
       Manifest:
         Deleting file "Debug\Assignment-8.exe.embed.manifest".
         C:\Program Files (x86)\Microsoft SDKs\Windows\v7.0A\bin\mt.exe /nologo /verbose /out:"Debug\Assignment-8.exe.embed.manifest" /manifest "Debug\Assignment-8.exe.intermediate.manifest"
         C:\Program Files (x86)\Microsoft SDKs\Windows\v7.0A\bin\rc.exe /nologo /fo"Debug\Assignment-8.exe.embed.manifest.res" Debug\Assignment-8_manifest.rc 
       LinkEmbedManifest:
         C:\Program Files (x86)\Microsoft Visual Studio 10.0\VC\bin\link.exe /ERRORREPORT:PROMPT /OUT:"C:\Users\arnavn\Documents\visual studio 2010\Projects\Assignment-8\Debug\Assignment-8.exe" /INCREMENTAL /NOLOGO kernel32.lib user32.lib gdi32.lib winspool.lib comdlg32.lib advapi32.lib shell32.lib ole32.lib oleaut32.lib uuid.lib odbc32.lib odbccp32.lib /MANIFEST /ManifestFile:"Debug\Assignment-8.exe.intermediate.manifest" /MANIFESTUAC:"level='asInvoker' uiAccess='false'" /DEBUG /PDB:"C:\Users\arnavn\Documents\visual studio 2010\Projects\Assignment-8\Debug\Assignment-8.pdb" /SUBSYSTEM:CONSOLE /TLBID:1 /DYNAMICBASE /NXCOMPAT /IMPLIB:"C:\Users\arnavn\Documents\visual studio 2010\Projects\Assignment-8\Debug\Assignment-8.lib" /MACHINE:X86 "Debug\Assignment-8.exe.embed.manifest.res"
         "Debug\Assignment-8.obj"
         Debug\HelperFunctions.obj
         Debug\stdafx.obj
         Debug\Student.obj
         Debug\StudentDatabase.obj
         Debug\UserInterface.obj
         Assignment-8.vcxproj -> C:\Users\arnavn\Documents\visual studio 2010\Projects\Assignment-8\Debug\Assignment-8.exe
       FinalizeBuildStatus:
         Deleting file "Debug\Assignment-8.unsuccessfulbuild".
         Touching "Debug\Assignment-8.lastbuildstate".
     1>Done Building Project "C:\Users\arnavn\Documents\visual studio 2010\Projects\Assignment-8\Assignment-8\Assignment-8.vcxproj" (rebuild target(s)).

Build succeeded.

Time Elapsed 00:00:02.55
