C:\USERS\ARNAVN\DOCUMENTS\VISUAL STUDIO 2010\PROJECTS\ASSIGNMENT-8\ASSIGNMENT-8\DEBUG\ASSIGNMENT-8.EXE.EMBED.MANIFEST
C:\USERS\ARNAVN\DOCUMENTS\VISUAL STUDIO 2010\PROJECTS\ASSIGNMENT-8\ASSIGNMENT-8\DEBUG\ASSIGNMENT-8.EXE.EMBED.MANIFEST.RES
C:\USERS\ARNAVN\DOCUMENTS\VISUAL STUDIO 2010\PROJECTS\ASSIGNMENT-8\ASSIGNMENT-8\DEBUG\ASSIGNMENT-8.EXE.INTERMEDIATE.MANIFEST
C:\USERS\ARNAVN\DOCUMENTS\VISUAL STUDIO 2010\PROJECTS\ASSIGNMENT-8\ASSIGNMENT-8\DEBUG\ASSIGNMENT-8.OBJ
C:\USERS\ARNAVN\DOCUMENTS\VISUAL STUDIO 2010\PROJECTS\ASSIGNMENT-8\ASSIGNMENT-8\DEBUG\ASSIGNMENT-8.PCH
C:\Users\arnavn\Documents\visual studio 2010\Projects\Assignment-8\Assignment-8\Debug\Assignment-8.write.1.tlog
C:\Users\arnavn\Documents\visual studio 2010\Projects\Assignment-8\Assignment-8\Debug\Assignment-8_manifest.rc
C:\Users\arnavn\Documents\visual studio 2010\Projects\Assignment-8\Assignment-8\Debug\cl.command.1.tlog
C:\Users\arnavn\Documents\visual studio 2010\Projects\Assignment-8\Assignment-8\Debug\CL.read.1.tlog
C:\Users\arnavn\Documents\visual studio 2010\Projects\Assignment-8\Assignment-8\Debug\CL.write.1.tlog
C:\USERS\ARNAVN\DOCUMENTS\VISUAL STUDIO 2010\PROJECTS\ASSIGNMENT-8\ASSIGNMENT-8\DEBUG\HELPERFUNCTIONS.OBJ
C:\Users\arnavn\Documents\visual studio 2010\Projects\Assignment-8\Assignment-8\Debug\link.18584.read.1.tlog
C:\Users\arnavn\Documents\visual studio 2010\Projects\Assignment-8\Assignment-8\Debug\link.18584.write.1.tlog
C:\Users\arnavn\Documents\visual studio 2010\Projects\Assignment-8\Assignment-8\Debug\link.18584-cvtres.read.1.tlog
C:\Users\arnavn\Documents\visual studio 2010\Projects\Assignment-8\Assignment-8\Debug\link.18584-cvtres.write.1.tlog
C:\Users\arnavn\Documents\visual studio 2010\Projects\Assignment-8\Assignment-8\Debug\link.command.1.tlog
C:\Users\arnavn\Documents\visual studio 2010\Projects\Assignment-8\Assignment-8\Debug\link.read.1.tlog
C:\Users\arnavn\Documents\visual studio 2010\Projects\Assignment-8\Assignment-8\Debug\link.write.1.tlog
C:\Users\arnavn\Documents\visual studio 2010\Projects\Assignment-8\Assignment-8\Debug\link-cvtres.read.1.tlog
C:\Users\arnavn\Documents\visual studio 2010\Projects\Assignment-8\Assignment-8\Debug\link-cvtres.write.1.tlog
C:\Users\arnavn\Documents\visual studio 2010\Projects\Assignment-8\Assignment-8\Debug\mt.command.1.tlog
C:\Users\arnavn\Documents\visual studio 2010\Projects\Assignment-8\Assignment-8\Debug\mt.read.1.tlog
C:\Users\arnavn\Documents\visual studio 2010\Projects\Assignment-8\Assignment-8\Debug\mt.write.1.tlog
C:\Users\arnavn\Documents\visual studio 2010\Projects\Assignment-8\Assignment-8\Debug\rc.command.1.tlog
C:\Users\arnavn\Documents\visual studio 2010\Projects\Assignment-8\Assignment-8\Debug\rc.read.1.tlog
C:\Users\arnavn\Documents\visual studio 2010\Projects\Assignment-8\Assignment-8\Debug\rc.write.1.tlog
C:\USERS\ARNAVN\DOCUMENTS\VISUAL STUDIO 2010\PROJECTS\ASSIGNMENT-8\ASSIGNMENT-8\DEBUG\STDAFX.OBJ
C:\USERS\ARNAVN\DOCUMENTS\VISUAL STUDIO 2010\PROJECTS\ASSIGNMENT-8\ASSIGNMENT-8\DEBUG\STUDENT.OBJ
C:\USERS\ARNAVN\DOCUMENTS\VISUAL STUDIO 2010\PROJECTS\ASSIGNMENT-8\ASSIGNMENT-8\DEBUG\STUDENTDATABASE.OBJ
C:\USERS\ARNAVN\DOCUMENTS\VISUAL STUDIO 2010\PROJECTS\ASSIGNMENT-8\ASSIGNMENT-8\DEBUG\USERINTERFACE.OBJ
C:\Users\arnavn\Documents\visual studio 2010\Projects\Assignment-8\Assignment-8\Debug\vc100.idb
C:\USERS\ARNAVN\DOCUMENTS\VISUAL STUDIO 2010\PROJECTS\ASSIGNMENT-8\ASSIGNMENT-8\DEBUG\VC100.PDB
C:\USERS\ARNAVN\DOCUMENTS\VISUAL STUDIO 2010\PROJECTS\ASSIGNMENT-8\DEBUG\ASSIGNMENT-8.EXE
C:\USERS\ARNAVN\DOCUMENTS\VISUAL STUDIO 2010\PROJECTS\ASSIGNMENT-8\DEBUG\ASSIGNMENT-8.ILK
C:\USERS\ARNAVN\DOCUMENTS\VISUAL STUDIO 2010\PROJECTS\ASSIGNMENT-8\DEBUG\ASSIGNMENT-8.PDB
